ARM GAS  C:\Users\Tech\AppData\Local\Temp\ccVfb7bc.s 			page 1


   1              		.syntax unified
   2              		.cpu cortex-m0
   3              		.fpu softvfp
   4              		.eabi_attribute 20, 1
   5              		.eabi_attribute 21, 1
   6              		.eabi_attribute 23, 3
   7              		.eabi_attribute 24, 1
   8              		.eabi_attribute 25, 1
   9              		.eabi_attribute 26, 1
  10              		.eabi_attribute 30, 6
  11              		.eabi_attribute 34, 0
  12              		.eabi_attribute 18, 4
  13              		.thumb
  14              		.syntax unified
  15              		.file	"dht22.c"
  16              		.text
  17              	.Ltext0:
  18              		.cfi_sections	.debug_frame
  19              		.section	.text.DHT22_Reset,"ax",%progbits
  20              		.align	2
  21              		.global	DHT22_Reset
  22              		.code	16
  23              		.thumb_func
  24              		.type	DHT22_Reset, %function
  25              	DHT22_Reset:
  26              	.LFB35:
  27              		.file 1 "dht22.c"
   1:dht22.c       **** /* ========================================
   2:dht22.c       ****  * Filename:        dht22.c
   3:dht22.c       ****  * Description:     DHT22 Driver for PSoC source file
   4:dht22.c       ****  * Author:          techdude101
   5:dht22.c       ****  * Version:         0.1.0
   6:dht22.c       ****  * ========================================
   7:dht22.c       **** */
   8:dht22.c       **** 
   9:dht22.c       **** #include "dht22.h"
  10:dht22.c       **** #include <project.h>
  11:dht22.c       **** 
  12:dht22.c       **** /*******************************************************************************
  13:dht22.c       **** * Function Name: DHT22_Reset
  14:dht22.c       **** ********************************************************************************
  15:dht22.c       **** *
  16:dht22.c       **** * Summary:
  17:dht22.c       **** *  This routine resets a DHT22 device.
  18:dht22.c       **** *
  19:dht22.c       **** * Parameters:
  20:dht22.c       **** *  None
  21:dht22.c       **** *
  22:dht22.c       **** * Return:
  23:dht22.c       **** *  None
  24:dht22.c       **** *
  25:dht22.c       **** *******************************************************************************/
  26:dht22.c       **** void DHT22_Reset(void)	   
  27:dht22.c       **** {      	
  28              		.loc 1 27 0
  29              		.cfi_startproc
  30              		@ args = 0, pretend = 0, frame = 0
ARM GAS  C:\Users\Tech\AppData\Local\Temp\ccVfb7bc.s 			page 2


  31              		@ frame_needed = 1, uses_anonymous_args = 0
  32 0000 80B5     		push	{r7, lr}
  33              		.cfi_def_cfa_offset 8
  34              		.cfi_offset 7, -8
  35              		.cfi_offset 14, -4
  36 0002 00AF     		add	r7, sp, #0
  37              		.cfi_def_cfa_register 7
  28:dht22.c       ****     static uint8_t IState;
  29:dht22.c       ****     IState = CyEnterCriticalSection();  
  38              		.loc 1 29 0
  39 0004 FFF7FEFF 		bl	CyEnterCriticalSection
  40 0008 0300     		movs	r3, r0
  41 000a 1A00     		movs	r2, r3
  42 000c 0A4B     		ldr	r3, .L2
  43 000e 1A70     		strb	r2, [r3]
  30:dht22.c       ****     DHT22_DQ_Write(0); 	// Pull down DQ
  44              		.loc 1 30 0
  45 0010 0020     		movs	r0, #0
  46 0012 FFF7FEFF 		bl	DHT22_DQ_Write
  31:dht22.c       ****     CyDelay(20);    	// Pull down for at least 18ms
  47              		.loc 1 31 0
  48 0016 1420     		movs	r0, #20
  49 0018 FFF7FEFF 		bl	CyDelay
  32:dht22.c       ****     DHT22_DQ_Write(1); 	// DQ = 1 
  50              		.loc 1 32 0
  51 001c 0120     		movs	r0, #1
  52 001e FFF7FEFF 		bl	DHT22_DQ_Write
  33:dht22.c       **** 	CyDelayUs(30);     	// The host pulls 20~40us
  53              		.loc 1 33 0
  54 0022 1E20     		movs	r0, #30
  55 0024 FFF7FEFF 		bl	CyDelayUs
  34:dht22.c       ****     
  35:dht22.c       ****     CyExitCriticalSection(IState); 
  56              		.loc 1 35 0
  57 0028 034B     		ldr	r3, .L2
  58 002a 1B78     		ldrb	r3, [r3]
  59 002c 1800     		movs	r0, r3
  60 002e FFF7FEFF 		bl	CyExitCriticalSection
  36:dht22.c       **** }
  61              		.loc 1 36 0
  62 0032 C046     		nop
  63 0034 BD46     		mov	sp, r7
  64              		@ sp needed
  65 0036 80BD     		pop	{r7, pc}
  66              	.L3:
  67              		.align	2
  68              	.L2:
  69 0038 00000000 		.word	IState.7092
  70              		.cfi_endproc
  71              	.LFE35:
  72              		.size	DHT22_Reset, .-DHT22_Reset
  73              		.section	.text.DHT22_Check,"ax",%progbits
  74              		.align	2
  75              		.global	DHT22_Check
  76              		.code	16
  77              		.thumb_func
  78              		.type	DHT22_Check, %function
ARM GAS  C:\Users\Tech\AppData\Local\Temp\ccVfb7bc.s 			page 3


  79              	DHT22_Check:
  80              	.LFB36:
  37:dht22.c       **** 
  38:dht22.c       **** /*******************************************************************************
  39:dht22.c       **** * Function Name: DHT22_Check
  40:dht22.c       **** ********************************************************************************
  41:dht22.c       **** *
  42:dht22.c       **** * Summary:
  43:dht22.c       **** *  This routine resets a DHT22 device.
  44:dht22.c       **** *
  45:dht22.c       **** * Parameters:
  46:dht22.c       **** *  None
  47:dht22.c       **** *
  48:dht22.c       **** * Return:
  49:dht22.c       **** *  uint8_t error: 1 = error, 0 = no error
  50:dht22.c       **** *
  51:dht22.c       **** *******************************************************************************/
  52:dht22.c       **** uint8_t DHT22_Check(void) 	   
  53:dht22.c       **** {   
  81              		.loc 1 53 0
  82              		.cfi_startproc
  83              		@ args = 0, pretend = 0, frame = 8
  84              		@ frame_needed = 1, uses_anonymous_args = 0
  85 0000 80B5     		push	{r7, lr}
  86              		.cfi_def_cfa_offset 8
  87              		.cfi_offset 7, -8
  88              		.cfi_offset 14, -4
  89 0002 82B0     		sub	sp, sp, #8
  90              		.cfi_def_cfa_offset 16
  91 0004 00AF     		add	r7, sp, #0
  92              		.cfi_def_cfa_register 7
  54:dht22.c       ****     static uint8_t IState;
  55:dht22.c       ****     IState = CyEnterCriticalSection();  
  93              		.loc 1 55 0
  94 0006 FFF7FEFF 		bl	CyEnterCriticalSection
  95 000a 0300     		movs	r3, r0
  96 000c 1A00     		movs	r2, r3
  97 000e 204B     		ldr	r3, .L14
  98 0010 1A70     		strb	r2, [r3]
  56:dht22.c       ****     
  57:dht22.c       **** 	uint8_t retry = 100;
  99              		.loc 1 57 0
 100 0012 FB1D     		adds	r3, r7, #7
 101 0014 6422     		movs	r2, #100
 102 0016 1A70     		strb	r2, [r3]
  58:dht22.c       ****    	while ((!DHT22_DQ_Read()) && retry) // DHT22 will pull down 40~80us
 103              		.loc 1 58 0
 104 0018 07E0     		b	.L5
 105              	.L7:
  59:dht22.c       **** 	{
  60:dht22.c       **** 		retry--;
 106              		.loc 1 60 0
 107 001a FB1D     		adds	r3, r7, #7
 108 001c 1A78     		ldrb	r2, [r3]
 109 001e FB1D     		adds	r3, r7, #7
 110 0020 013A     		subs	r2, r2, #1
 111 0022 1A70     		strb	r2, [r3]
ARM GAS  C:\Users\Tech\AppData\Local\Temp\ccVfb7bc.s 			page 4


  61:dht22.c       **** 		CyDelayUs(1);
 112              		.loc 1 61 0
 113 0024 0120     		movs	r0, #1
 114 0026 FFF7FEFF 		bl	CyDelayUs
 115              	.L5:
  58:dht22.c       ****    	while ((!DHT22_DQ_Read()) && retry) // DHT22 will pull down 40~80us
 116              		.loc 1 58 0
 117 002a FFF7FEFF 		bl	DHT22_DQ_Read
 118 002e 031E     		subs	r3, r0, #0
 119 0030 03D1     		bne	.L6
  58:dht22.c       ****    	while ((!DHT22_DQ_Read()) && retry) // DHT22 will pull down 40~80us
 120              		.loc 1 58 0 is_stmt 0 discriminator 1
 121 0032 FB1D     		adds	r3, r7, #7
 122 0034 1B78     		ldrb	r3, [r3]
 123 0036 002B     		cmp	r3, #0
 124 0038 EFD1     		bne	.L7
 125              	.L6:
  62:dht22.c       **** 	};	 
  63:dht22.c       **** 	if (retry < 1) return 1;
 126              		.loc 1 63 0 is_stmt 1
 127 003a FB1D     		adds	r3, r7, #7
 128 003c 1B78     		ldrb	r3, [r3]
 129 003e 002B     		cmp	r3, #0
 130 0040 01D1     		bne	.L8
 131              		.loc 1 63 0 is_stmt 0 discriminator 1
 132 0042 0123     		movs	r3, #1
 133 0044 1FE0     		b	.L9
 134              	.L8:
  64:dht22.c       **** 	else retry = 100;
 135              		.loc 1 64 0 is_stmt 1
 136 0046 FB1D     		adds	r3, r7, #7
 137 0048 6422     		movs	r2, #100
 138 004a 1A70     		strb	r2, [r3]
  65:dht22.c       ****     while (DHT22_DQ_Read() && retry) // DHT22 will pull up 40~80us again after pulling low
 139              		.loc 1 65 0
 140 004c 07E0     		b	.L10
 141              	.L12:
  66:dht22.c       **** 	{
  67:dht22.c       **** 		retry--;
 142              		.loc 1 67 0
 143 004e FB1D     		adds	r3, r7, #7
 144 0050 1A78     		ldrb	r2, [r3]
 145 0052 FB1D     		adds	r3, r7, #7
 146 0054 013A     		subs	r2, r2, #1
 147 0056 1A70     		strb	r2, [r3]
  68:dht22.c       **** 		CyDelayUs(1);
 148              		.loc 1 68 0
 149 0058 0120     		movs	r0, #1
 150 005a FFF7FEFF 		bl	CyDelayUs
 151              	.L10:
  65:dht22.c       ****     while (DHT22_DQ_Read() && retry) // DHT22 will pull up 40~80us again after pulling low
 152              		.loc 1 65 0
 153 005e FFF7FEFF 		bl	DHT22_DQ_Read
 154 0062 031E     		subs	r3, r0, #0
 155 0064 03D0     		beq	.L11
  65:dht22.c       ****     while (DHT22_DQ_Read() && retry) // DHT22 will pull up 40~80us again after pulling low
 156              		.loc 1 65 0 is_stmt 0 discriminator 1
ARM GAS  C:\Users\Tech\AppData\Local\Temp\ccVfb7bc.s 			page 5


 157 0066 FB1D     		adds	r3, r7, #7
 158 0068 1B78     		ldrb	r3, [r3]
 159 006a 002B     		cmp	r3, #0
 160 006c EFD1     		bne	.L12
 161              	.L11:
  69:dht22.c       **** 	};
  70:dht22.c       ****     
  71:dht22.c       ****     CyExitCriticalSection(IState); 
 162              		.loc 1 71 0 is_stmt 1
 163 006e 084B     		ldr	r3, .L14
 164 0070 1B78     		ldrb	r3, [r3]
 165 0072 1800     		movs	r0, r3
 166 0074 FFF7FEFF 		bl	CyExitCriticalSection
  72:dht22.c       **** 	
  73:dht22.c       ****     if (retry < 1)
 167              		.loc 1 73 0
 168 0078 FB1D     		adds	r3, r7, #7
 169 007a 1B78     		ldrb	r3, [r3]
 170 007c 002B     		cmp	r3, #0
 171 007e 01D1     		bne	.L13
  74:dht22.c       **** 		return 1;	    
 172              		.loc 1 74 0
 173 0080 0123     		movs	r3, #1
 174 0082 00E0     		b	.L9
 175              	.L13:
  75:dht22.c       **** 	return 0;
 176              		.loc 1 75 0
 177 0084 0023     		movs	r3, #0
 178              	.L9:
  76:dht22.c       **** }
 179              		.loc 1 76 0
 180 0086 1800     		movs	r0, r3
 181 0088 BD46     		mov	sp, r7
 182 008a 02B0     		add	sp, sp, #8
 183              		@ sp needed
 184 008c 80BD     		pop	{r7, pc}
 185              	.L15:
 186 008e C046     		.align	2
 187              	.L14:
 188 0090 01000000 		.word	IState.7096
 189              		.cfi_endproc
 190              	.LFE36:
 191              		.size	DHT22_Check, .-DHT22_Check
 192              		.section	.text.DHT22_Read_Bit,"ax",%progbits
 193              		.align	2
 194              		.global	DHT22_Read_Bit
 195              		.code	16
 196              		.thumb_func
 197              		.type	DHT22_Read_Bit, %function
 198              	DHT22_Read_Bit:
 199              	.LFB37:
  77:dht22.c       **** 
  78:dht22.c       **** /*******************************************************************************
  79:dht22.c       **** * Function Name: DHT22_Read_Bit
  80:dht22.c       **** ********************************************************************************
  81:dht22.c       **** *
  82:dht22.c       **** * Summary:
ARM GAS  C:\Users\Tech\AppData\Local\Temp\ccVfb7bc.s 			page 6


  83:dht22.c       **** *  This routine reads one bit from a DHT22 device.
  84:dht22.c       **** *
  85:dht22.c       **** * Parameters:
  86:dht22.c       **** *  None
  87:dht22.c       **** *
  88:dht22.c       **** * Return:
  89:dht22.c       **** *  uint8_t bit: Bit status
  90:dht22.c       **** *
  91:dht22.c       **** *******************************************************************************/
  92:dht22.c       **** uint8_t DHT22_Read_Bit(void) 			 
  93:dht22.c       **** {
 200              		.loc 1 93 0
 201              		.cfi_startproc
 202              		@ args = 0, pretend = 0, frame = 8
 203              		@ frame_needed = 1, uses_anonymous_args = 0
 204 0000 90B5     		push	{r4, r7, lr}
 205              		.cfi_def_cfa_offset 12
 206              		.cfi_offset 4, -12
 207              		.cfi_offset 7, -8
 208              		.cfi_offset 14, -4
 209 0002 83B0     		sub	sp, sp, #12
 210              		.cfi_def_cfa_offset 24
 211 0004 00AF     		add	r7, sp, #0
 212              		.cfi_def_cfa_register 7
  94:dht22.c       ****  	uint8_t dat;
  95:dht22.c       ****  	uint8_t retry = 100;
 213              		.loc 1 95 0
 214 0006 BB1D     		adds	r3, r7, #6
 215 0008 6422     		movs	r2, #100
 216 000a 1A70     		strb	r2, [r3]
  96:dht22.c       ****     uint8_t IState = CyEnterCriticalSection();  
 217              		.loc 1 96 0
 218 000c 7C1D     		adds	r4, r7, #5
 219 000e FFF7FEFF 		bl	CyEnterCriticalSection
 220 0012 0300     		movs	r3, r0
 221 0014 2370     		strb	r3, [r4]
  97:dht22.c       **** 	
  98:dht22.c       ****     while((!DHT22_DQ_Read()) && retry) // Wait to go high
 222              		.loc 1 98 0
 223 0016 07E0     		b	.L17
 224              	.L19:
  99:dht22.c       **** 	{
 100:dht22.c       **** 		retry--;
 225              		.loc 1 100 0
 226 0018 BB1D     		adds	r3, r7, #6
 227 001a 1A78     		ldrb	r2, [r3]
 228 001c BB1D     		adds	r3, r7, #6
 229 001e 013A     		subs	r2, r2, #1
 230 0020 1A70     		strb	r2, [r3]
 101:dht22.c       **** 		CyDelayUs(1);
 231              		.loc 1 101 0
 232 0022 0120     		movs	r0, #1
 233 0024 FFF7FEFF 		bl	CyDelayUs
 234              	.L17:
  98:dht22.c       **** 	{
 235              		.loc 1 98 0
 236 0028 FFF7FEFF 		bl	DHT22_DQ_Read
ARM GAS  C:\Users\Tech\AppData\Local\Temp\ccVfb7bc.s 			page 7


 237 002c 031E     		subs	r3, r0, #0
 238 002e 03D1     		bne	.L18
  98:dht22.c       **** 	{
 239              		.loc 1 98 0 is_stmt 0 discriminator 1
 240 0030 BB1D     		adds	r3, r7, #6
 241 0032 1B78     		ldrb	r3, [r3]
 242 0034 002B     		cmp	r3, #0
 243 0036 EFD1     		bne	.L19
 244              	.L18:
 102:dht22.c       **** 	}
 103:dht22.c       **** 	retry = 100;
 245              		.loc 1 103 0 is_stmt 1
 246 0038 BB1D     		adds	r3, r7, #6
 247 003a 6422     		movs	r2, #100
 248 003c 1A70     		strb	r2, [r3]
 104:dht22.c       **** 	dat = 0;
 249              		.loc 1 104 0
 250 003e FB1D     		adds	r3, r7, #7
 251 0040 0022     		movs	r2, #0
 252 0042 1A70     		strb	r2, [r3]
 105:dht22.c       **** 	CyDelayUs(30); //wait for 30us
 253              		.loc 1 105 0
 254 0044 1E20     		movs	r0, #30
 255 0046 FFF7FEFF 		bl	CyDelayUs
 106:dht22.c       **** 	
 107:dht22.c       ****     if(DHT22_DQ_Read())	
 256              		.loc 1 107 0
 257 004a FFF7FEFF 		bl	DHT22_DQ_Read
 258 004e 031E     		subs	r3, r0, #0
 259 0050 0BD0     		beq	.L21
 108:dht22.c       **** 		dat = 1;	   
 260              		.loc 1 108 0
 261 0052 FB1D     		adds	r3, r7, #7
 262 0054 0122     		movs	r2, #1
 263 0056 1A70     		strb	r2, [r3]
 109:dht22.c       **** 	
 110:dht22.c       ****     while(DHT22_DQ_Read() && retry) // Waiting to go low
 264              		.loc 1 110 0
 265 0058 07E0     		b	.L21
 266              	.L23:
 111:dht22.c       **** 	{
 112:dht22.c       **** 		retry--;
 267              		.loc 1 112 0
 268 005a BB1D     		adds	r3, r7, #6
 269 005c 1A78     		ldrb	r2, [r3]
 270 005e BB1D     		adds	r3, r7, #6
 271 0060 013A     		subs	r2, r2, #1
 272 0062 1A70     		strb	r2, [r3]
 113:dht22.c       **** 		CyDelayUs(1);
 273              		.loc 1 113 0
 274 0064 0120     		movs	r0, #1
 275 0066 FFF7FEFF 		bl	CyDelayUs
 276              	.L21:
 110:dht22.c       **** 	{
 277              		.loc 1 110 0
 278 006a FFF7FEFF 		bl	DHT22_DQ_Read
 279 006e 031E     		subs	r3, r0, #0
ARM GAS  C:\Users\Tech\AppData\Local\Temp\ccVfb7bc.s 			page 8


 280 0070 03D0     		beq	.L22
 110:dht22.c       **** 	{
 281              		.loc 1 110 0 is_stmt 0 discriminator 1
 282 0072 BB1D     		adds	r3, r7, #6
 283 0074 1B78     		ldrb	r3, [r3]
 284 0076 002B     		cmp	r3, #0
 285 0078 EFD1     		bne	.L23
 286              	.L22:
 114:dht22.c       **** 	}
 115:dht22.c       ****     CyExitCriticalSection(IState);
 287              		.loc 1 115 0 is_stmt 1
 288 007a 7B1D     		adds	r3, r7, #5
 289 007c 1B78     		ldrb	r3, [r3]
 290 007e 1800     		movs	r0, r3
 291 0080 FFF7FEFF 		bl	CyExitCriticalSection
 116:dht22.c       **** 	return dat;		
 292              		.loc 1 116 0
 293 0084 FB1D     		adds	r3, r7, #7
 294 0086 1B78     		ldrb	r3, [r3]
 117:dht22.c       **** }
 295              		.loc 1 117 0
 296 0088 1800     		movs	r0, r3
 297 008a BD46     		mov	sp, r7
 298 008c 03B0     		add	sp, sp, #12
 299              		@ sp needed
 300 008e 90BD     		pop	{r4, r7, pc}
 301              		.cfi_endproc
 302              	.LFE37:
 303              		.size	DHT22_Read_Bit, .-DHT22_Read_Bit
 304              		.section	.text.DHT22_Read_Byte,"ax",%progbits
 305              		.align	2
 306              		.global	DHT22_Read_Byte
 307              		.code	16
 308              		.thumb_func
 309              		.type	DHT22_Read_Byte, %function
 310              	DHT22_Read_Byte:
 311              	.LFB38:
 118:dht22.c       **** 
 119:dht22.c       **** /*******************************************************************************
 120:dht22.c       **** * Function Name: DHT22_Read_Byte
 121:dht22.c       **** ********************************************************************************
 122:dht22.c       **** *
 123:dht22.c       **** * Summary:
 124:dht22.c       **** *  This routine reads one byte from a DHT22 device.
 125:dht22.c       **** *
 126:dht22.c       **** * Parameters:
 127:dht22.c       **** *  None
 128:dht22.c       **** *
 129:dht22.c       **** * Return:
 130:dht22.c       **** *  uint8_t read byte: Byte read from DHT22 device
 131:dht22.c       **** *
 132:dht22.c       **** *******************************************************************************/
 133:dht22.c       **** uint8_t DHT22_Read_Byte(void)    
 134:dht22.c       **** {        
 312              		.loc 1 134 0
 313              		.cfi_startproc
 314              		@ args = 0, pretend = 0, frame = 8
ARM GAS  C:\Users\Tech\AppData\Local\Temp\ccVfb7bc.s 			page 9


 315              		@ frame_needed = 1, uses_anonymous_args = 0
 316 0000 80B5     		push	{r7, lr}
 317              		.cfi_def_cfa_offset 8
 318              		.cfi_offset 7, -8
 319              		.cfi_offset 14, -4
 320 0002 82B0     		sub	sp, sp, #8
 321              		.cfi_def_cfa_offset 16
 322 0004 00AF     		add	r7, sp, #0
 323              		.cfi_def_cfa_register 7
 135:dht22.c       ****     uint8_t dat;
 136:dht22.c       ****     dat = 0;
 324              		.loc 1 136 0
 325 0006 FB1D     		adds	r3, r7, #7
 326 0008 0022     		movs	r2, #0
 327 000a 1A70     		strb	r2, [r3]
 328              	.LBB2:
 137:dht22.c       **** 	for (uint8_t i = 0; i < 8; i++) 
 329              		.loc 1 137 0
 330 000c BB1D     		adds	r3, r7, #6
 331 000e 0022     		movs	r2, #0
 332 0010 1A70     		strb	r2, [r3]
 333 0012 12E0     		b	.L26
 334              	.L27:
 138:dht22.c       **** 	{
 139:dht22.c       ****    		dat <<= 1; 
 335              		.loc 1 139 0 discriminator 3
 336 0014 FA1D     		adds	r2, r7, #7
 337 0016 FB1D     		adds	r3, r7, #7
 338 0018 1B78     		ldrb	r3, [r3]
 339 001a DB18     		adds	r3, r3, r3
 340 001c 1370     		strb	r3, [r2]
 140:dht22.c       **** 	    dat |= DHT22_Read_Bit();
 341              		.loc 1 140 0 discriminator 3
 342 001e FFF7FEFF 		bl	DHT22_Read_Bit
 343 0022 0300     		movs	r3, r0
 344 0024 1900     		movs	r1, r3
 345 0026 FB1D     		adds	r3, r7, #7
 346 0028 FA1D     		adds	r2, r7, #7
 347 002a 1278     		ldrb	r2, [r2]
 348 002c 0A43     		orrs	r2, r1
 349 002e 1A70     		strb	r2, [r3]
 137:dht22.c       **** 	for (uint8_t i = 0; i < 8; i++) 
 350              		.loc 1 137 0 discriminator 3
 351 0030 BB1D     		adds	r3, r7, #6
 352 0032 1A78     		ldrb	r2, [r3]
 353 0034 BB1D     		adds	r3, r7, #6
 354 0036 0132     		adds	r2, r2, #1
 355 0038 1A70     		strb	r2, [r3]
 356              	.L26:
 137:dht22.c       **** 	for (uint8_t i = 0; i < 8; i++) 
 357              		.loc 1 137 0 is_stmt 0 discriminator 1
 358 003a BB1D     		adds	r3, r7, #6
 359 003c 1B78     		ldrb	r3, [r3]
 360 003e 072B     		cmp	r3, #7
 361 0040 E8D9     		bls	.L27
 362              	.LBE2:
 141:dht22.c       ****     }						    
ARM GAS  C:\Users\Tech\AppData\Local\Temp\ccVfb7bc.s 			page 10


 142:dht22.c       ****     return dat;
 363              		.loc 1 142 0 is_stmt 1
 364 0042 FB1D     		adds	r3, r7, #7
 365 0044 1B78     		ldrb	r3, [r3]
 143:dht22.c       **** }
 366              		.loc 1 143 0
 367 0046 1800     		movs	r0, r3
 368 0048 BD46     		mov	sp, r7
 369 004a 02B0     		add	sp, sp, #8
 370              		@ sp needed
 371 004c 80BD     		pop	{r7, pc}
 372              		.cfi_endproc
 373              	.LFE38:
 374              		.size	DHT22_Read_Byte, .-DHT22_Read_Byte
 375 004e C046     		.section	.text.DHT22_Read_Data,"ax",%progbits
 376              		.align	2
 377              		.global	DHT22_Read_Data
 378              		.code	16
 379              		.thumb_func
 380              		.type	DHT22_Read_Data, %function
 381              	DHT22_Read_Data:
 382              	.LFB39:
 144:dht22.c       **** 
 145:dht22.c       **** /*******************************************************************************
 146:dht22.c       **** * Function Name: DHT22_Read_Data
 147:dht22.c       **** ********************************************************************************
 148:dht22.c       **** *
 149:dht22.c       **** * Summary:
 150:dht22.c       **** *  This routine reads the sensor data from a DHT22 device.
 151:dht22.c       **** *  Humidity[0-1], temperature[2-3] and checksum[4]
 152:dht22.c       **** *
 153:dht22.c       **** * Parameters:
 154:dht22.c       **** *  uint8_t* data: Pointer to an array[5] to store the data read from the DHT22 device
 155:dht22.c       **** *
 156:dht22.c       **** * Return:
 157:dht22.c       **** *  uint8_t error: 1 = error, 0 = no error
 158:dht22.c       **** *
 159:dht22.c       **** *******************************************************************************/
 160:dht22.c       **** uint8_t DHT22_Read_Data(uint8_t *data)    
 161:dht22.c       **** {        
 383              		.loc 1 161 0
 384              		.cfi_startproc
 385              		@ args = 0, pretend = 0, frame = 16
 386              		@ frame_needed = 1, uses_anonymous_args = 0
 387 0000 90B5     		push	{r4, r7, lr}
 388              		.cfi_def_cfa_offset 12
 389              		.cfi_offset 4, -12
 390              		.cfi_offset 7, -8
 391              		.cfi_offset 14, -4
 392 0002 85B0     		sub	sp, sp, #20
 393              		.cfi_def_cfa_offset 32
 394 0004 00AF     		add	r7, sp, #0
 395              		.cfi_def_cfa_register 7
 396 0006 7860     		str	r0, [r7, #4]
 162:dht22.c       ****  	uint8_t buf[5];
 163:dht22.c       **** 	
 164:dht22.c       ****     DHT22_Reset();
ARM GAS  C:\Users\Tech\AppData\Local\Temp\ccVfb7bc.s 			page 11


 397              		.loc 1 164 0
 398 0008 FFF7FEFF 		bl	DHT22_Reset
 165:dht22.c       **** 	
 166:dht22.c       ****     if(DHT22_Check() == 0)
 399              		.loc 1 166 0
 400 000c FFF7FEFF 		bl	DHT22_Check
 401 0010 031E     		subs	r3, r0, #0
 402 0012 4FD1     		bne	.L30
 403              	.LBB3:
 167:dht22.c       **** 	{
 168:dht22.c       **** 		for(uint8_t i = 0; i < 5; i++) // Read 40-bit data
 404              		.loc 1 168 0
 405 0014 0F23     		movs	r3, #15
 406 0016 FB18     		adds	r3, r7, r3
 407 0018 0022     		movs	r2, #0
 408 001a 1A70     		strb	r2, [r3]
 409 001c 10E0     		b	.L31
 410              	.L32:
 169:dht22.c       **** 		{
 170:dht22.c       **** 			buf[i] = DHT22_Read_Byte();
 411              		.loc 1 170 0 discriminator 3
 412 001e 0F23     		movs	r3, #15
 413 0020 FB18     		adds	r3, r7, r3
 414 0022 1C78     		ldrb	r4, [r3]
 415 0024 FFF7FEFF 		bl	DHT22_Read_Byte
 416 0028 0300     		movs	r3, r0
 417 002a 1A00     		movs	r2, r3
 418 002c 0823     		movs	r3, #8
 419 002e FB18     		adds	r3, r7, r3
 420 0030 1A55     		strb	r2, [r3, r4]
 168:dht22.c       **** 		{
 421              		.loc 1 168 0 discriminator 3
 422 0032 0F23     		movs	r3, #15
 423 0034 FB18     		adds	r3, r7, r3
 424 0036 1A78     		ldrb	r2, [r3]
 425 0038 0F23     		movs	r3, #15
 426 003a FB18     		adds	r3, r7, r3
 427 003c 0132     		adds	r2, r2, #1
 428 003e 1A70     		strb	r2, [r3]
 429              	.L31:
 168:dht22.c       **** 		{
 430              		.loc 1 168 0 is_stmt 0 discriminator 1
 431 0040 0F23     		movs	r3, #15
 432 0042 FB18     		adds	r3, r7, r3
 433 0044 1B78     		ldrb	r3, [r3]
 434 0046 042B     		cmp	r3, #4
 435 0048 E9D9     		bls	.L32
 436              	.LBE3:
 171:dht22.c       **** 		}
 172:dht22.c       ****         
 173:dht22.c       **** 		// Checksum accumulation has a considerable probability that will exceed 8 bits (that is, the val
 174:dht22.c       **** 		if((uint8_t)(buf[0] + buf[1] + buf[2] + buf[3]) == buf[4])  
 437              		.loc 1 174 0 is_stmt 1
 438 004a 0823     		movs	r3, #8
 439 004c FB18     		adds	r3, r7, r3
 440 004e 1A78     		ldrb	r2, [r3]
 441 0050 0823     		movs	r3, #8
ARM GAS  C:\Users\Tech\AppData\Local\Temp\ccVfb7bc.s 			page 12


 442 0052 FB18     		adds	r3, r7, r3
 443 0054 5B78     		ldrb	r3, [r3, #1]
 444 0056 D318     		adds	r3, r2, r3
 445 0058 DAB2     		uxtb	r2, r3
 446 005a 0823     		movs	r3, #8
 447 005c FB18     		adds	r3, r7, r3
 448 005e 9B78     		ldrb	r3, [r3, #2]
 449 0060 D318     		adds	r3, r2, r3
 450 0062 DAB2     		uxtb	r2, r3
 451 0064 0823     		movs	r3, #8
 452 0066 FB18     		adds	r3, r7, r3
 453 0068 DB78     		ldrb	r3, [r3, #3]
 454 006a D318     		adds	r3, r2, r3
 455 006c DAB2     		uxtb	r2, r3
 456 006e 0823     		movs	r3, #8
 457 0070 FB18     		adds	r3, r7, r3
 458 0072 1B79     		ldrb	r3, [r3, #4]
 459 0074 9A42     		cmp	r2, r3
 460 0076 1DD1     		bne	.L30
 461              	.LBB4:
 175:dht22.c       **** 		{
 176:dht22.c       **** 			for(uint8_t i = 0; i < 4; i++)
 462              		.loc 1 176 0
 463 0078 0E23     		movs	r3, #14
 464 007a FB18     		adds	r3, r7, r3
 465 007c 0022     		movs	r2, #0
 466 007e 1A70     		strb	r2, [r3]
 467 0080 11E0     		b	.L33
 468              	.L34:
 177:dht22.c       **** 			{
 178:dht22.c       **** 				*data = buf[i];
 469              		.loc 1 178 0 discriminator 3
 470 0082 0E23     		movs	r3, #14
 471 0084 FB18     		adds	r3, r7, r3
 472 0086 1B78     		ldrb	r3, [r3]
 473 0088 0822     		movs	r2, #8
 474 008a BA18     		adds	r2, r7, r2
 475 008c D25C     		ldrb	r2, [r2, r3]
 476 008e 7B68     		ldr	r3, [r7, #4]
 477 0090 1A70     		strb	r2, [r3]
 179:dht22.c       **** 				data++;
 478              		.loc 1 179 0 discriminator 3
 479 0092 7B68     		ldr	r3, [r7, #4]
 480 0094 0133     		adds	r3, r3, #1
 481 0096 7B60     		str	r3, [r7, #4]
 176:dht22.c       **** 			{
 482              		.loc 1 176 0 discriminator 3
 483 0098 0E23     		movs	r3, #14
 484 009a FB18     		adds	r3, r7, r3
 485 009c 1A78     		ldrb	r2, [r3]
 486 009e 0E23     		movs	r3, #14
 487 00a0 FB18     		adds	r3, r7, r3
 488 00a2 0132     		adds	r2, r2, #1
 489 00a4 1A70     		strb	r2, [r3]
 490              	.L33:
 176:dht22.c       **** 			{
 491              		.loc 1 176 0 is_stmt 0 discriminator 1
ARM GAS  C:\Users\Tech\AppData\Local\Temp\ccVfb7bc.s 			page 13


 492 00a6 0E23     		movs	r3, #14
 493 00a8 FB18     		adds	r3, r7, r3
 494 00aa 1B78     		ldrb	r3, [r3]
 495 00ac 032B     		cmp	r3, #3
 496 00ae E8D9     		bls	.L34
 497              	.LBE4:
 180:dht22.c       **** 			}
 181:dht22.c       **** 			return 0;	
 498              		.loc 1 181 0 is_stmt 1
 499 00b0 0023     		movs	r3, #0
 500 00b2 00E0     		b	.L36
 501              	.L30:
 182:dht22.c       **** 		}
 183:dht22.c       **** 	}
 184:dht22.c       **** 	return 1;   
 502              		.loc 1 184 0
 503 00b4 0123     		movs	r3, #1
 504              	.L36:
 185:dht22.c       **** }
 505              		.loc 1 185 0 discriminator 1
 506 00b6 1800     		movs	r0, r3
 507 00b8 BD46     		mov	sp, r7
 508 00ba 05B0     		add	sp, sp, #20
 509              		@ sp needed
 510 00bc 90BD     		pop	{r4, r7, pc}
 511              		.cfi_endproc
 512              	.LFE39:
 513              		.size	DHT22_Read_Data, .-DHT22_Read_Data
 514 00be C046     		.section	.text.DHT22_Init,"ax",%progbits
 515              		.align	2
 516              		.global	DHT22_Init
 517              		.code	16
 518              		.thumb_func
 519              		.type	DHT22_Init, %function
 520              	DHT22_Init:
 521              	.LFB40:
 186:dht22.c       **** 
 187:dht22.c       **** /*******************************************************************************
 188:dht22.c       **** * Function Name: DHT22_Init
 189:dht22.c       **** ********************************************************************************
 190:dht22.c       **** *
 191:dht22.c       **** * Summary:
 192:dht22.c       **** *  This routine initializes and checks for the presence of a DHT22 device.
 193:dht22.c       **** *
 194:dht22.c       **** * Parameters:
 195:dht22.c       **** *  None
 196:dht22.c       **** *
 197:dht22.c       **** * Return:
 198:dht22.c       **** *  uint8_t error: 1 = error, 0 = no error
 199:dht22.c       **** *
 200:dht22.c       **** *******************************************************************************/
 201:dht22.c       **** uint8_t DHT22_Init(void)
 202:dht22.c       **** {	
 522              		.loc 1 202 0
 523              		.cfi_startproc
 524              		@ args = 0, pretend = 0, frame = 0
 525              		@ frame_needed = 1, uses_anonymous_args = 0
ARM GAS  C:\Users\Tech\AppData\Local\Temp\ccVfb7bc.s 			page 14


 526 0000 80B5     		push	{r7, lr}
 527              		.cfi_def_cfa_offset 8
 528              		.cfi_offset 7, -8
 529              		.cfi_offset 14, -4
 530 0002 00AF     		add	r7, sp, #0
 531              		.cfi_def_cfa_register 7
 203:dht22.c       **** 	DHT22_Reset();
 532              		.loc 1 203 0
 533 0004 FFF7FEFF 		bl	DHT22_Reset
 204:dht22.c       **** 	return DHT22_Check();
 534              		.loc 1 204 0
 535 0008 FFF7FEFF 		bl	DHT22_Check
 536 000c 0300     		movs	r3, r0
 205:dht22.c       **** }
 537              		.loc 1 205 0
 538 000e 1800     		movs	r0, r3
 539 0010 BD46     		mov	sp, r7
 540              		@ sp needed
 541 0012 80BD     		pop	{r7, pc}
 542              		.cfi_endproc
 543              	.LFE40:
 544              		.size	DHT22_Init, .-DHT22_Init
 545              		.section	.text.DHT22_getTemperatureX100,"ax",%progbits
 546              		.align	2
 547              		.global	DHT22_getTemperatureX100
 548              		.code	16
 549              		.thumb_func
 550              		.type	DHT22_getTemperatureX100, %function
 551              	DHT22_getTemperatureX100:
 552              	.LFB41:
 206:dht22.c       **** 
 207:dht22.c       **** /*******************************************************************************
 208:dht22.c       **** * Function Name: DHT22_getTemperatureX100
 209:dht22.c       **** ********************************************************************************
 210:dht22.c       **** *
 211:dht22.c       **** * Summary:
 212:dht22.c       **** *  This routine extracts the temperature data from a data packet read from a DHT22 sensor
 213:dht22.c       **** *
 214:dht22.c       **** * Parameters:
 215:dht22.c       **** *  uint8_t* data: DHT22 data array
 216:dht22.c       **** *
 217:dht22.c       **** * Return:
 218:dht22.c       **** *  int16_t temperature: Temperature x 100 (to avoid using floats)
 219:dht22.c       **** *
 220:dht22.c       **** *******************************************************************************/
 221:dht22.c       **** int16_t DHT22_getTemperatureX100(uint8_t* data) {
 553              		.loc 1 221 0
 554              		.cfi_startproc
 555              		@ args = 0, pretend = 0, frame = 8
 556              		@ frame_needed = 1, uses_anonymous_args = 0
 557 0000 80B5     		push	{r7, lr}
 558              		.cfi_def_cfa_offset 8
 559              		.cfi_offset 7, -8
 560              		.cfi_offset 14, -4
 561 0002 82B0     		sub	sp, sp, #8
 562              		.cfi_def_cfa_offset 16
 563 0004 00AF     		add	r7, sp, #0
ARM GAS  C:\Users\Tech\AppData\Local\Temp\ccVfb7bc.s 			page 15


 564              		.cfi_def_cfa_register 7
 565 0006 7860     		str	r0, [r7, #4]
 222:dht22.c       ****     return ((data[3] * 10) + data[2]);
 566              		.loc 1 222 0
 567 0008 7B68     		ldr	r3, [r7, #4]
 568 000a 0333     		adds	r3, r3, #3
 569 000c 1B78     		ldrb	r3, [r3]
 570 000e 9BB2     		uxth	r3, r3
 571 0010 1A1C     		adds	r2, r3, #0
 572 0012 9200     		lsls	r2, r2, #2
 573 0014 D318     		adds	r3, r2, r3
 574 0016 DB18     		adds	r3, r3, r3
 575 0018 9AB2     		uxth	r2, r3
 576 001a 7B68     		ldr	r3, [r7, #4]
 577 001c 0233     		adds	r3, r3, #2
 578 001e 1B78     		ldrb	r3, [r3]
 579 0020 9BB2     		uxth	r3, r3
 580 0022 D318     		adds	r3, r2, r3
 581 0024 9BB2     		uxth	r3, r3
 582 0026 1BB2     		sxth	r3, r3
 223:dht22.c       **** }
 583              		.loc 1 223 0
 584 0028 1800     		movs	r0, r3
 585 002a BD46     		mov	sp, r7
 586 002c 02B0     		add	sp, sp, #8
 587              		@ sp needed
 588 002e 80BD     		pop	{r7, pc}
 589              		.cfi_endproc
 590              	.LFE41:
 591              		.size	DHT22_getTemperatureX100, .-DHT22_getTemperatureX100
 592              		.section	.text.DHT22_getHumidityX10,"ax",%progbits
 593              		.align	2
 594              		.global	DHT22_getHumidityX10
 595              		.code	16
 596              		.thumb_func
 597              		.type	DHT22_getHumidityX10, %function
 598              	DHT22_getHumidityX10:
 599              	.LFB42:
 224:dht22.c       **** 
 225:dht22.c       **** /*******************************************************************************
 226:dht22.c       **** * Function Name: DHT22_getHumidityX10
 227:dht22.c       **** ********************************************************************************
 228:dht22.c       **** *
 229:dht22.c       **** * Summary:
 230:dht22.c       **** *  This routine extracts the humidity data from a data packet read from a DHT22 sensor
 231:dht22.c       **** *
 232:dht22.c       **** * Parameters:
 233:dht22.c       **** *  uint8_t* data: DHT22 data array
 234:dht22.c       **** *
 235:dht22.c       **** * Return:
 236:dht22.c       **** *  int16_t humidity: Humidity x 10 (to avoid using floats)
 237:dht22.c       **** *
 238:dht22.c       **** *******************************************************************************/
 239:dht22.c       **** uint16_t DHT22_getHumidityX10(uint8_t* data) {
 600              		.loc 1 239 0
 601              		.cfi_startproc
 602              		@ args = 0, pretend = 0, frame = 8
ARM GAS  C:\Users\Tech\AppData\Local\Temp\ccVfb7bc.s 			page 16


 603              		@ frame_needed = 1, uses_anonymous_args = 0
 604 0000 80B5     		push	{r7, lr}
 605              		.cfi_def_cfa_offset 8
 606              		.cfi_offset 7, -8
 607              		.cfi_offset 14, -4
 608 0002 82B0     		sub	sp, sp, #8
 609              		.cfi_def_cfa_offset 16
 610 0004 00AF     		add	r7, sp, #0
 611              		.cfi_def_cfa_register 7
 612 0006 7860     		str	r0, [r7, #4]
 240:dht22.c       ****     return ((data[1] * 10) + data[0]);
 613              		.loc 1 240 0
 614 0008 7B68     		ldr	r3, [r7, #4]
 615 000a 0133     		adds	r3, r3, #1
 616 000c 1B78     		ldrb	r3, [r3]
 617 000e 9BB2     		uxth	r3, r3
 618 0010 1A1C     		adds	r2, r3, #0
 619 0012 9200     		lsls	r2, r2, #2
 620 0014 D318     		adds	r3, r2, r3
 621 0016 DB18     		adds	r3, r3, r3
 622 0018 9AB2     		uxth	r2, r3
 623 001a 7B68     		ldr	r3, [r7, #4]
 624 001c 1B78     		ldrb	r3, [r3]
 625 001e 9BB2     		uxth	r3, r3
 626 0020 D318     		adds	r3, r2, r3
 627 0022 9BB2     		uxth	r3, r3
 241:dht22.c       **** }
 628              		.loc 1 241 0
 629 0024 1800     		movs	r0, r3
 630 0026 BD46     		mov	sp, r7
 631 0028 02B0     		add	sp, sp, #8
 632              		@ sp needed
 633 002a 80BD     		pop	{r7, pc}
 634              		.cfi_endproc
 635              	.LFE42:
 636              		.size	DHT22_getHumidityX10, .-DHT22_getHumidityX10
 637              		.bss
 638              	IState.7092:
 639 0000 00       		.space	1
 640              	IState.7096:
 641 0001 00       		.space	1
 642              		.text
 643              	.Letext0:
 644              		.file 2 "c:\\program files (x86)\\cypress\\psoc creator\\4.4\\psoc creator\\import\\gnu\\arm\\5.4.
 645              		.file 3 "c:\\program files (x86)\\cypress\\psoc creator\\4.4\\psoc creator\\import\\gnu\\arm\\5.4.
 646              		.section	.debug_info,"",%progbits
 647              	.Ldebug_info0:
 648 0000 8C020000 		.4byte	0x28c
 649 0004 0400     		.2byte	0x4
 650 0006 00000000 		.4byte	.Ldebug_abbrev0
 651 000a 04       		.byte	0x4
 652 000b 01       		.uleb128 0x1
 653 000c 93000000 		.4byte	.LASF30
 654 0010 0C       		.byte	0xc
 655 0011 14000000 		.4byte	.LASF31
 656 0015 FF010000 		.4byte	.LASF32
 657 0019 00000000 		.4byte	.Ldebug_ranges0+0
ARM GAS  C:\Users\Tech\AppData\Local\Temp\ccVfb7bc.s 			page 17


 658 001d 00000000 		.4byte	0
 659 0021 00000000 		.4byte	.Ldebug_line0
 660 0025 02       		.uleb128 0x2
 661 0026 01       		.byte	0x1
 662 0027 06       		.byte	0x6
 663 0028 F3010000 		.4byte	.LASF0
 664 002c 03       		.uleb128 0x3
 665 002d 00000000 		.4byte	.LASF2
 666 0031 02       		.byte	0x2
 667 0032 1D       		.byte	0x1d
 668 0033 37000000 		.4byte	0x37
 669 0037 02       		.uleb128 0x2
 670 0038 01       		.byte	0x1
 671 0039 08       		.byte	0x8
 672 003a 51000000 		.4byte	.LASF1
 673 003e 03       		.uleb128 0x3
 674 003f 0A000000 		.4byte	.LASF3
 675 0043 02       		.byte	0x2
 676 0044 29       		.byte	0x29
 677 0045 49000000 		.4byte	0x49
 678 0049 02       		.uleb128 0x2
 679 004a 02       		.byte	0x2
 680 004b 05       		.byte	0x5
 681 004c BB010000 		.4byte	.LASF4
 682 0050 03       		.uleb128 0x3
 683 0051 21010000 		.4byte	.LASF5
 684 0055 02       		.byte	0x2
 685 0056 2B       		.byte	0x2b
 686 0057 5B000000 		.4byte	0x5b
 687 005b 02       		.uleb128 0x2
 688 005c 02       		.byte	0x2
 689 005d 07       		.byte	0x7
 690 005e 1C000000 		.4byte	.LASF6
 691 0062 02       		.uleb128 0x2
 692 0063 04       		.byte	0x4
 693 0064 05       		.byte	0x5
 694 0065 CE010000 		.4byte	.LASF7
 695 0069 02       		.uleb128 0x2
 696 006a 04       		.byte	0x4
 697 006b 07       		.byte	0x7
 698 006c 65000000 		.4byte	.LASF8
 699 0070 02       		.uleb128 0x2
 700 0071 08       		.byte	0x8
 701 0072 05       		.byte	0x5
 702 0073 A6010000 		.4byte	.LASF9
 703 0077 02       		.uleb128 0x2
 704 0078 08       		.byte	0x8
 705 0079 07       		.byte	0x7
 706 007a 3A000000 		.4byte	.LASF10
 707 007e 04       		.uleb128 0x4
 708 007f 04       		.byte	0x4
 709 0080 05       		.byte	0x5
 710 0081 696E7400 		.ascii	"int\000"
 711 0085 02       		.uleb128 0x2
 712 0086 04       		.byte	0x4
 713 0087 07       		.byte	0x7
 714 0088 57010000 		.4byte	.LASF11
ARM GAS  C:\Users\Tech\AppData\Local\Temp\ccVfb7bc.s 			page 18


 715 008c 03       		.uleb128 0x3
 716 008d 69010000 		.4byte	.LASF12
 717 0091 03       		.byte	0x3
 718 0092 18       		.byte	0x18
 719 0093 2C000000 		.4byte	0x2c
 720 0097 03       		.uleb128 0x3
 721 0098 80010000 		.4byte	.LASF13
 722 009c 03       		.byte	0x3
 723 009d 20       		.byte	0x20
 724 009e 3E000000 		.4byte	0x3e
 725 00a2 03       		.uleb128 0x3
 726 00a3 C5010000 		.4byte	.LASF14
 727 00a7 03       		.byte	0x3
 728 00a8 24       		.byte	0x24
 729 00a9 50000000 		.4byte	0x50
 730 00ad 02       		.uleb128 0x2
 731 00ae 04       		.byte	0x4
 732 00af 04       		.byte	0x4
 733 00b0 2F000000 		.4byte	.LASF15
 734 00b4 02       		.uleb128 0x2
 735 00b5 08       		.byte	0x8
 736 00b6 04       		.byte	0x4
 737 00b7 2C010000 		.4byte	.LASF16
 738 00bb 02       		.uleb128 0x2
 739 00bc 01       		.byte	0x1
 740 00bd 08       		.byte	0x8
 741 00be 64010000 		.4byte	.LASF17
 742 00c2 02       		.uleb128 0x2
 743 00c3 08       		.byte	0x8
 744 00c4 04       		.byte	0x4
 745 00c5 D7010000 		.4byte	.LASF18
 746 00c9 02       		.uleb128 0x2
 747 00ca 04       		.byte	0x4
 748 00cb 07       		.byte	0x7
 749 00cc 9D010000 		.4byte	.LASF19
 750 00d0 05       		.uleb128 0x5
 751 00d1 46020000 		.4byte	.LASF28
 752 00d5 01       		.byte	0x1
 753 00d6 1A       		.byte	0x1a
 754 00d7 00000000 		.4byte	.LFB35
 755 00db 3C000000 		.4byte	.LFE35-.LFB35
 756 00df 01       		.uleb128 0x1
 757 00e0 9C       		.byte	0x9c
 758 00e1 F7000000 		.4byte	0xf7
 759 00e5 06       		.uleb128 0x6
 760 00e6 B4010000 		.4byte	.LASF20
 761 00ea 01       		.byte	0x1
 762 00eb 1C       		.byte	0x1c
 763 00ec 8C000000 		.4byte	0x8c
 764 00f0 05       		.uleb128 0x5
 765 00f1 03       		.byte	0x3
 766 00f2 00000000 		.4byte	IState.7092
 767 00f6 00       		.byte	0
 768 00f7 07       		.uleb128 0x7
 769 00f8 77000000 		.4byte	.LASF22
 770 00fc 01       		.byte	0x1
 771 00fd 34       		.byte	0x34
ARM GAS  C:\Users\Tech\AppData\Local\Temp\ccVfb7bc.s 			page 19


 772 00fe 8C000000 		.4byte	0x8c
 773 0102 00000000 		.4byte	.LFB36
 774 0106 94000000 		.4byte	.LFE36-.LFB36
 775 010a 01       		.uleb128 0x1
 776 010b 9C       		.byte	0x9c
 777 010c 30010000 		.4byte	0x130
 778 0110 06       		.uleb128 0x6
 779 0111 B4010000 		.4byte	.LASF20
 780 0115 01       		.byte	0x1
 781 0116 36       		.byte	0x36
 782 0117 8C000000 		.4byte	0x8c
 783 011b 05       		.uleb128 0x5
 784 011c 03       		.byte	0x3
 785 011d 01000000 		.4byte	IState.7096
 786 0121 06       		.uleb128 0x6
 787 0122 5F000000 		.4byte	.LASF21
 788 0126 01       		.byte	0x1
 789 0127 39       		.byte	0x39
 790 0128 8C000000 		.4byte	0x8c
 791 012c 02       		.uleb128 0x2
 792 012d 91       		.byte	0x91
 793 012e 77       		.sleb128 -9
 794 012f 00       		.byte	0
 795 0130 07       		.uleb128 0x7
 796 0131 71010000 		.4byte	.LASF23
 797 0135 01       		.byte	0x1
 798 0136 5C       		.byte	0x5c
 799 0137 8C000000 		.4byte	0x8c
 800 013b 00000000 		.4byte	.LFB37
 801 013f 90000000 		.4byte	.LFE37-.LFB37
 802 0143 01       		.uleb128 0x1
 803 0144 9C       		.byte	0x9c
 804 0145 74010000 		.4byte	0x174
 805 0149 08       		.uleb128 0x8
 806 014a 64617400 		.ascii	"dat\000"
 807 014e 01       		.byte	0x1
 808 014f 5E       		.byte	0x5e
 809 0150 8C000000 		.4byte	0x8c
 810 0154 02       		.uleb128 0x2
 811 0155 91       		.byte	0x91
 812 0156 6F       		.sleb128 -17
 813 0157 06       		.uleb128 0x6
 814 0158 5F000000 		.4byte	.LASF21
 815 015c 01       		.byte	0x1
 816 015d 5F       		.byte	0x5f
 817 015e 8C000000 		.4byte	0x8c
 818 0162 02       		.uleb128 0x2
 819 0163 91       		.byte	0x91
 820 0164 6E       		.sleb128 -18
 821 0165 06       		.uleb128 0x6
 822 0166 B4010000 		.4byte	.LASF20
 823 016a 01       		.byte	0x1
 824 016b 60       		.byte	0x60
 825 016c 8C000000 		.4byte	0x8c
 826 0170 02       		.uleb128 0x2
 827 0171 91       		.byte	0x91
 828 0172 6D       		.sleb128 -19
ARM GAS  C:\Users\Tech\AppData\Local\Temp\ccVfb7bc.s 			page 20


 829 0173 00       		.byte	0
 830 0174 07       		.uleb128 0x7
 831 0175 83000000 		.4byte	.LASF24
 832 0179 01       		.byte	0x1
 833 017a 85       		.byte	0x85
 834 017b 8C000000 		.4byte	0x8c
 835 017f 00000000 		.4byte	.LFB38
 836 0183 4E000000 		.4byte	.LFE38-.LFB38
 837 0187 01       		.uleb128 0x1
 838 0188 9C       		.byte	0x9c
 839 0189 B2010000 		.4byte	0x1b2
 840 018d 08       		.uleb128 0x8
 841 018e 64617400 		.ascii	"dat\000"
 842 0192 01       		.byte	0x1
 843 0193 87       		.byte	0x87
 844 0194 8C000000 		.4byte	0x8c
 845 0198 02       		.uleb128 0x2
 846 0199 91       		.byte	0x91
 847 019a 77       		.sleb128 -9
 848 019b 09       		.uleb128 0x9
 849 019c 0C000000 		.4byte	.LBB2
 850 01a0 36000000 		.4byte	.LBE2-.LBB2
 851 01a4 08       		.uleb128 0x8
 852 01a5 6900     		.ascii	"i\000"
 853 01a7 01       		.byte	0x1
 854 01a8 89       		.byte	0x89
 855 01a9 8C000000 		.4byte	0x8c
 856 01ad 02       		.uleb128 0x2
 857 01ae 91       		.byte	0x91
 858 01af 76       		.sleb128 -10
 859 01b0 00       		.byte	0
 860 01b1 00       		.byte	0
 861 01b2 07       		.uleb128 0x7
 862 01b3 E3010000 		.4byte	.LASF25
 863 01b7 01       		.byte	0x1
 864 01b8 A0       		.byte	0xa0
 865 01b9 8C000000 		.4byte	0x8c
 866 01bd 00000000 		.4byte	.LFB39
 867 01c1 BE000000 		.4byte	.LFE39-.LFB39
 868 01c5 01       		.uleb128 0x1
 869 01c6 9C       		.byte	0x9c
 870 01c7 18020000 		.4byte	0x218
 871 01cb 0A       		.uleb128 0xa
 872 01cc 35000000 		.4byte	.LASF27
 873 01d0 01       		.byte	0x1
 874 01d1 A0       		.byte	0xa0
 875 01d2 18020000 		.4byte	0x218
 876 01d6 02       		.uleb128 0x2
 877 01d7 91       		.byte	0x91
 878 01d8 64       		.sleb128 -28
 879 01d9 08       		.uleb128 0x8
 880 01da 62756600 		.ascii	"buf\000"
 881 01de 01       		.byte	0x1
 882 01df A2       		.byte	0xa2
 883 01e0 1E020000 		.4byte	0x21e
 884 01e4 02       		.uleb128 0x2
 885 01e5 91       		.byte	0x91
ARM GAS  C:\Users\Tech\AppData\Local\Temp\ccVfb7bc.s 			page 21


 886 01e6 68       		.sleb128 -24
 887 01e7 0B       		.uleb128 0xb
 888 01e8 14000000 		.4byte	.LBB3
 889 01ec 36000000 		.4byte	.LBE3-.LBB3
 890 01f0 01020000 		.4byte	0x201
 891 01f4 08       		.uleb128 0x8
 892 01f5 6900     		.ascii	"i\000"
 893 01f7 01       		.byte	0x1
 894 01f8 A8       		.byte	0xa8
 895 01f9 8C000000 		.4byte	0x8c
 896 01fd 02       		.uleb128 0x2
 897 01fe 91       		.byte	0x91
 898 01ff 6F       		.sleb128 -17
 899 0200 00       		.byte	0
 900 0201 09       		.uleb128 0x9
 901 0202 78000000 		.4byte	.LBB4
 902 0206 38000000 		.4byte	.LBE4-.LBB4
 903 020a 08       		.uleb128 0x8
 904 020b 6900     		.ascii	"i\000"
 905 020d 01       		.byte	0x1
 906 020e B0       		.byte	0xb0
 907 020f 8C000000 		.4byte	0x8c
 908 0213 02       		.uleb128 0x2
 909 0214 91       		.byte	0x91
 910 0215 6E       		.sleb128 -18
 911 0216 00       		.byte	0
 912 0217 00       		.byte	0
 913 0218 0C       		.uleb128 0xc
 914 0219 04       		.byte	0x4
 915 021a 8C000000 		.4byte	0x8c
 916 021e 0D       		.uleb128 0xd
 917 021f 8C000000 		.4byte	0x8c
 918 0223 2E020000 		.4byte	0x22e
 919 0227 0E       		.uleb128 0xe
 920 0228 C9000000 		.4byte	0xc9
 921 022c 04       		.byte	0x4
 922 022d 00       		.byte	0
 923 022e 0F       		.uleb128 0xf
 924 022f 4C010000 		.4byte	.LASF33
 925 0233 01       		.byte	0x1
 926 0234 C9       		.byte	0xc9
 927 0235 8C000000 		.4byte	0x8c
 928 0239 00000000 		.4byte	.LFB40
 929 023d 14000000 		.4byte	.LFE40-.LFB40
 930 0241 01       		.uleb128 0x1
 931 0242 9C       		.byte	0x9c
 932 0243 10       		.uleb128 0x10
 933 0244 33010000 		.4byte	.LASF26
 934 0248 01       		.byte	0x1
 935 0249 DD       		.byte	0xdd
 936 024a 97000000 		.4byte	0x97
 937 024e 00000000 		.4byte	.LFB41
 938 0252 30000000 		.4byte	.LFE41-.LFB41
 939 0256 01       		.uleb128 0x1
 940 0257 9C       		.byte	0x9c
 941 0258 6B020000 		.4byte	0x26b
 942 025c 0A       		.uleb128 0xa
ARM GAS  C:\Users\Tech\AppData\Local\Temp\ccVfb7bc.s 			page 22


 943 025d 35000000 		.4byte	.LASF27
 944 0261 01       		.byte	0x1
 945 0262 DD       		.byte	0xdd
 946 0263 18020000 		.4byte	0x218
 947 0267 02       		.uleb128 0x2
 948 0268 91       		.byte	0x91
 949 0269 74       		.sleb128 -12
 950 026a 00       		.byte	0
 951 026b 11       		.uleb128 0x11
 952 026c 88010000 		.4byte	.LASF29
 953 0270 01       		.byte	0x1
 954 0271 EF       		.byte	0xef
 955 0272 A2000000 		.4byte	0xa2
 956 0276 00000000 		.4byte	.LFB42
 957 027a 2C000000 		.4byte	.LFE42-.LFB42
 958 027e 01       		.uleb128 0x1
 959 027f 9C       		.byte	0x9c
 960 0280 0A       		.uleb128 0xa
 961 0281 35000000 		.4byte	.LASF27
 962 0285 01       		.byte	0x1
 963 0286 EF       		.byte	0xef
 964 0287 18020000 		.4byte	0x218
 965 028b 02       		.uleb128 0x2
 966 028c 91       		.byte	0x91
 967 028d 74       		.sleb128 -12
 968 028e 00       		.byte	0
 969 028f 00       		.byte	0
 970              		.section	.debug_abbrev,"",%progbits
 971              	.Ldebug_abbrev0:
 972 0000 01       		.uleb128 0x1
 973 0001 11       		.uleb128 0x11
 974 0002 01       		.byte	0x1
 975 0003 25       		.uleb128 0x25
 976 0004 0E       		.uleb128 0xe
 977 0005 13       		.uleb128 0x13
 978 0006 0B       		.uleb128 0xb
 979 0007 03       		.uleb128 0x3
 980 0008 0E       		.uleb128 0xe
 981 0009 1B       		.uleb128 0x1b
 982 000a 0E       		.uleb128 0xe
 983 000b 55       		.uleb128 0x55
 984 000c 17       		.uleb128 0x17
 985 000d 11       		.uleb128 0x11
 986 000e 01       		.uleb128 0x1
 987 000f 10       		.uleb128 0x10
 988 0010 17       		.uleb128 0x17
 989 0011 00       		.byte	0
 990 0012 00       		.byte	0
 991 0013 02       		.uleb128 0x2
 992 0014 24       		.uleb128 0x24
 993 0015 00       		.byte	0
 994 0016 0B       		.uleb128 0xb
 995 0017 0B       		.uleb128 0xb
 996 0018 3E       		.uleb128 0x3e
 997 0019 0B       		.uleb128 0xb
 998 001a 03       		.uleb128 0x3
 999 001b 0E       		.uleb128 0xe
ARM GAS  C:\Users\Tech\AppData\Local\Temp\ccVfb7bc.s 			page 23


 1000 001c 00       		.byte	0
 1001 001d 00       		.byte	0
 1002 001e 03       		.uleb128 0x3
 1003 001f 16       		.uleb128 0x16
 1004 0020 00       		.byte	0
 1005 0021 03       		.uleb128 0x3
 1006 0022 0E       		.uleb128 0xe
 1007 0023 3A       		.uleb128 0x3a
 1008 0024 0B       		.uleb128 0xb
 1009 0025 3B       		.uleb128 0x3b
 1010 0026 0B       		.uleb128 0xb
 1011 0027 49       		.uleb128 0x49
 1012 0028 13       		.uleb128 0x13
 1013 0029 00       		.byte	0
 1014 002a 00       		.byte	0
 1015 002b 04       		.uleb128 0x4
 1016 002c 24       		.uleb128 0x24
 1017 002d 00       		.byte	0
 1018 002e 0B       		.uleb128 0xb
 1019 002f 0B       		.uleb128 0xb
 1020 0030 3E       		.uleb128 0x3e
 1021 0031 0B       		.uleb128 0xb
 1022 0032 03       		.uleb128 0x3
 1023 0033 08       		.uleb128 0x8
 1024 0034 00       		.byte	0
 1025 0035 00       		.byte	0
 1026 0036 05       		.uleb128 0x5
 1027 0037 2E       		.uleb128 0x2e
 1028 0038 01       		.byte	0x1
 1029 0039 3F       		.uleb128 0x3f
 1030 003a 19       		.uleb128 0x19
 1031 003b 03       		.uleb128 0x3
 1032 003c 0E       		.uleb128 0xe
 1033 003d 3A       		.uleb128 0x3a
 1034 003e 0B       		.uleb128 0xb
 1035 003f 3B       		.uleb128 0x3b
 1036 0040 0B       		.uleb128 0xb
 1037 0041 27       		.uleb128 0x27
 1038 0042 19       		.uleb128 0x19
 1039 0043 11       		.uleb128 0x11
 1040 0044 01       		.uleb128 0x1
 1041 0045 12       		.uleb128 0x12
 1042 0046 06       		.uleb128 0x6
 1043 0047 40       		.uleb128 0x40
 1044 0048 18       		.uleb128 0x18
 1045 0049 9642     		.uleb128 0x2116
 1046 004b 19       		.uleb128 0x19
 1047 004c 01       		.uleb128 0x1
 1048 004d 13       		.uleb128 0x13
 1049 004e 00       		.byte	0
 1050 004f 00       		.byte	0
 1051 0050 06       		.uleb128 0x6
 1052 0051 34       		.uleb128 0x34
 1053 0052 00       		.byte	0
 1054 0053 03       		.uleb128 0x3
 1055 0054 0E       		.uleb128 0xe
 1056 0055 3A       		.uleb128 0x3a
ARM GAS  C:\Users\Tech\AppData\Local\Temp\ccVfb7bc.s 			page 24


 1057 0056 0B       		.uleb128 0xb
 1058 0057 3B       		.uleb128 0x3b
 1059 0058 0B       		.uleb128 0xb
 1060 0059 49       		.uleb128 0x49
 1061 005a 13       		.uleb128 0x13
 1062 005b 02       		.uleb128 0x2
 1063 005c 18       		.uleb128 0x18
 1064 005d 00       		.byte	0
 1065 005e 00       		.byte	0
 1066 005f 07       		.uleb128 0x7
 1067 0060 2E       		.uleb128 0x2e
 1068 0061 01       		.byte	0x1
 1069 0062 3F       		.uleb128 0x3f
 1070 0063 19       		.uleb128 0x19
 1071 0064 03       		.uleb128 0x3
 1072 0065 0E       		.uleb128 0xe
 1073 0066 3A       		.uleb128 0x3a
 1074 0067 0B       		.uleb128 0xb
 1075 0068 3B       		.uleb128 0x3b
 1076 0069 0B       		.uleb128 0xb
 1077 006a 27       		.uleb128 0x27
 1078 006b 19       		.uleb128 0x19
 1079 006c 49       		.uleb128 0x49
 1080 006d 13       		.uleb128 0x13
 1081 006e 11       		.uleb128 0x11
 1082 006f 01       		.uleb128 0x1
 1083 0070 12       		.uleb128 0x12
 1084 0071 06       		.uleb128 0x6
 1085 0072 40       		.uleb128 0x40
 1086 0073 18       		.uleb128 0x18
 1087 0074 9642     		.uleb128 0x2116
 1088 0076 19       		.uleb128 0x19
 1089 0077 01       		.uleb128 0x1
 1090 0078 13       		.uleb128 0x13
 1091 0079 00       		.byte	0
 1092 007a 00       		.byte	0
 1093 007b 08       		.uleb128 0x8
 1094 007c 34       		.uleb128 0x34
 1095 007d 00       		.byte	0
 1096 007e 03       		.uleb128 0x3
 1097 007f 08       		.uleb128 0x8
 1098 0080 3A       		.uleb128 0x3a
 1099 0081 0B       		.uleb128 0xb
 1100 0082 3B       		.uleb128 0x3b
 1101 0083 0B       		.uleb128 0xb
 1102 0084 49       		.uleb128 0x49
 1103 0085 13       		.uleb128 0x13
 1104 0086 02       		.uleb128 0x2
 1105 0087 18       		.uleb128 0x18
 1106 0088 00       		.byte	0
 1107 0089 00       		.byte	0
 1108 008a 09       		.uleb128 0x9
 1109 008b 0B       		.uleb128 0xb
 1110 008c 01       		.byte	0x1
 1111 008d 11       		.uleb128 0x11
 1112 008e 01       		.uleb128 0x1
 1113 008f 12       		.uleb128 0x12
ARM GAS  C:\Users\Tech\AppData\Local\Temp\ccVfb7bc.s 			page 25


 1114 0090 06       		.uleb128 0x6
 1115 0091 00       		.byte	0
 1116 0092 00       		.byte	0
 1117 0093 0A       		.uleb128 0xa
 1118 0094 05       		.uleb128 0x5
 1119 0095 00       		.byte	0
 1120 0096 03       		.uleb128 0x3
 1121 0097 0E       		.uleb128 0xe
 1122 0098 3A       		.uleb128 0x3a
 1123 0099 0B       		.uleb128 0xb
 1124 009a 3B       		.uleb128 0x3b
 1125 009b 0B       		.uleb128 0xb
 1126 009c 49       		.uleb128 0x49
 1127 009d 13       		.uleb128 0x13
 1128 009e 02       		.uleb128 0x2
 1129 009f 18       		.uleb128 0x18
 1130 00a0 00       		.byte	0
 1131 00a1 00       		.byte	0
 1132 00a2 0B       		.uleb128 0xb
 1133 00a3 0B       		.uleb128 0xb
 1134 00a4 01       		.byte	0x1
 1135 00a5 11       		.uleb128 0x11
 1136 00a6 01       		.uleb128 0x1
 1137 00a7 12       		.uleb128 0x12
 1138 00a8 06       		.uleb128 0x6
 1139 00a9 01       		.uleb128 0x1
 1140 00aa 13       		.uleb128 0x13
 1141 00ab 00       		.byte	0
 1142 00ac 00       		.byte	0
 1143 00ad 0C       		.uleb128 0xc
 1144 00ae 0F       		.uleb128 0xf
 1145 00af 00       		.byte	0
 1146 00b0 0B       		.uleb128 0xb
 1147 00b1 0B       		.uleb128 0xb
 1148 00b2 49       		.uleb128 0x49
 1149 00b3 13       		.uleb128 0x13
 1150 00b4 00       		.byte	0
 1151 00b5 00       		.byte	0
 1152 00b6 0D       		.uleb128 0xd
 1153 00b7 01       		.uleb128 0x1
 1154 00b8 01       		.byte	0x1
 1155 00b9 49       		.uleb128 0x49
 1156 00ba 13       		.uleb128 0x13
 1157 00bb 01       		.uleb128 0x1
 1158 00bc 13       		.uleb128 0x13
 1159 00bd 00       		.byte	0
 1160 00be 00       		.byte	0
 1161 00bf 0E       		.uleb128 0xe
 1162 00c0 21       		.uleb128 0x21
 1163 00c1 00       		.byte	0
 1164 00c2 49       		.uleb128 0x49
 1165 00c3 13       		.uleb128 0x13
 1166 00c4 2F       		.uleb128 0x2f
 1167 00c5 0B       		.uleb128 0xb
 1168 00c6 00       		.byte	0
 1169 00c7 00       		.byte	0
 1170 00c8 0F       		.uleb128 0xf
ARM GAS  C:\Users\Tech\AppData\Local\Temp\ccVfb7bc.s 			page 26


 1171 00c9 2E       		.uleb128 0x2e
 1172 00ca 00       		.byte	0
 1173 00cb 3F       		.uleb128 0x3f
 1174 00cc 19       		.uleb128 0x19
 1175 00cd 03       		.uleb128 0x3
 1176 00ce 0E       		.uleb128 0xe
 1177 00cf 3A       		.uleb128 0x3a
 1178 00d0 0B       		.uleb128 0xb
 1179 00d1 3B       		.uleb128 0x3b
 1180 00d2 0B       		.uleb128 0xb
 1181 00d3 27       		.uleb128 0x27
 1182 00d4 19       		.uleb128 0x19
 1183 00d5 49       		.uleb128 0x49
 1184 00d6 13       		.uleb128 0x13
 1185 00d7 11       		.uleb128 0x11
 1186 00d8 01       		.uleb128 0x1
 1187 00d9 12       		.uleb128 0x12
 1188 00da 06       		.uleb128 0x6
 1189 00db 40       		.uleb128 0x40
 1190 00dc 18       		.uleb128 0x18
 1191 00dd 9642     		.uleb128 0x2116
 1192 00df 19       		.uleb128 0x19
 1193 00e0 00       		.byte	0
 1194 00e1 00       		.byte	0
 1195 00e2 10       		.uleb128 0x10
 1196 00e3 2E       		.uleb128 0x2e
 1197 00e4 01       		.byte	0x1
 1198 00e5 3F       		.uleb128 0x3f
 1199 00e6 19       		.uleb128 0x19
 1200 00e7 03       		.uleb128 0x3
 1201 00e8 0E       		.uleb128 0xe
 1202 00e9 3A       		.uleb128 0x3a
 1203 00ea 0B       		.uleb128 0xb
 1204 00eb 3B       		.uleb128 0x3b
 1205 00ec 0B       		.uleb128 0xb
 1206 00ed 27       		.uleb128 0x27
 1207 00ee 19       		.uleb128 0x19
 1208 00ef 49       		.uleb128 0x49
 1209 00f0 13       		.uleb128 0x13
 1210 00f1 11       		.uleb128 0x11
 1211 00f2 01       		.uleb128 0x1
 1212 00f3 12       		.uleb128 0x12
 1213 00f4 06       		.uleb128 0x6
 1214 00f5 40       		.uleb128 0x40
 1215 00f6 18       		.uleb128 0x18
 1216 00f7 9742     		.uleb128 0x2117
 1217 00f9 19       		.uleb128 0x19
 1218 00fa 01       		.uleb128 0x1
 1219 00fb 13       		.uleb128 0x13
 1220 00fc 00       		.byte	0
 1221 00fd 00       		.byte	0
 1222 00fe 11       		.uleb128 0x11
 1223 00ff 2E       		.uleb128 0x2e
 1224 0100 01       		.byte	0x1
 1225 0101 3F       		.uleb128 0x3f
 1226 0102 19       		.uleb128 0x19
 1227 0103 03       		.uleb128 0x3
ARM GAS  C:\Users\Tech\AppData\Local\Temp\ccVfb7bc.s 			page 27


 1228 0104 0E       		.uleb128 0xe
 1229 0105 3A       		.uleb128 0x3a
 1230 0106 0B       		.uleb128 0xb
 1231 0107 3B       		.uleb128 0x3b
 1232 0108 0B       		.uleb128 0xb
 1233 0109 27       		.uleb128 0x27
 1234 010a 19       		.uleb128 0x19
 1235 010b 49       		.uleb128 0x49
 1236 010c 13       		.uleb128 0x13
 1237 010d 11       		.uleb128 0x11
 1238 010e 01       		.uleb128 0x1
 1239 010f 12       		.uleb128 0x12
 1240 0110 06       		.uleb128 0x6
 1241 0111 40       		.uleb128 0x40
 1242 0112 18       		.uleb128 0x18
 1243 0113 9742     		.uleb128 0x2117
 1244 0115 19       		.uleb128 0x19
 1245 0116 00       		.byte	0
 1246 0117 00       		.byte	0
 1247 0118 00       		.byte	0
 1248              		.section	.debug_aranges,"",%progbits
 1249 0000 54000000 		.4byte	0x54
 1250 0004 0200     		.2byte	0x2
 1251 0006 00000000 		.4byte	.Ldebug_info0
 1252 000a 04       		.byte	0x4
 1253 000b 00       		.byte	0
 1254 000c 0000     		.2byte	0
 1255 000e 0000     		.2byte	0
 1256 0010 00000000 		.4byte	.LFB35
 1257 0014 3C000000 		.4byte	.LFE35-.LFB35
 1258 0018 00000000 		.4byte	.LFB36
 1259 001c 94000000 		.4byte	.LFE36-.LFB36
 1260 0020 00000000 		.4byte	.LFB37
 1261 0024 90000000 		.4byte	.LFE37-.LFB37
 1262 0028 00000000 		.4byte	.LFB38
 1263 002c 4E000000 		.4byte	.LFE38-.LFB38
 1264 0030 00000000 		.4byte	.LFB39
 1265 0034 BE000000 		.4byte	.LFE39-.LFB39
 1266 0038 00000000 		.4byte	.LFB40
 1267 003c 14000000 		.4byte	.LFE40-.LFB40
 1268 0040 00000000 		.4byte	.LFB41
 1269 0044 30000000 		.4byte	.LFE41-.LFB41
 1270 0048 00000000 		.4byte	.LFB42
 1271 004c 2C000000 		.4byte	.LFE42-.LFB42
 1272 0050 00000000 		.4byte	0
 1273 0054 00000000 		.4byte	0
 1274              		.section	.debug_ranges,"",%progbits
 1275              	.Ldebug_ranges0:
 1276 0000 00000000 		.4byte	.LFB35
 1277 0004 3C000000 		.4byte	.LFE35
 1278 0008 00000000 		.4byte	.LFB36
 1279 000c 94000000 		.4byte	.LFE36
 1280 0010 00000000 		.4byte	.LFB37
 1281 0014 90000000 		.4byte	.LFE37
 1282 0018 00000000 		.4byte	.LFB38
 1283 001c 4E000000 		.4byte	.LFE38
 1284 0020 00000000 		.4byte	.LFB39
ARM GAS  C:\Users\Tech\AppData\Local\Temp\ccVfb7bc.s 			page 28


 1285 0024 BE000000 		.4byte	.LFE39
 1286 0028 00000000 		.4byte	.LFB40
 1287 002c 14000000 		.4byte	.LFE40
 1288 0030 00000000 		.4byte	.LFB41
 1289 0034 30000000 		.4byte	.LFE41
 1290 0038 00000000 		.4byte	.LFB42
 1291 003c 2C000000 		.4byte	.LFE42
 1292 0040 00000000 		.4byte	0
 1293 0044 00000000 		.4byte	0
 1294              		.section	.debug_line,"",%progbits
 1295              	.Ldebug_line0:
 1296 0000 41020000 		.section	.debug_str,"MS",%progbits,1
 1296      02001B01 
 1296      00000201 
 1296      FB0E0D00 
 1296      01010101 
 1297              	.LASF2:
 1298 0000 5F5F7569 		.ascii	"__uint8_t\000"
 1298      6E74385F 
 1298      7400
 1299              	.LASF3:
 1300 000a 5F5F696E 		.ascii	"__int16_t\000"
 1300      7431365F 
 1300      7400
 1301              	.LASF31:
 1302 0014 64687432 		.ascii	"dht22.c\000"
 1302      322E6300 
 1303              	.LASF6:
 1304 001c 73686F72 		.ascii	"short unsigned int\000"
 1304      7420756E 
 1304      7369676E 
 1304      65642069 
 1304      6E7400
 1305              	.LASF15:
 1306 002f 666C6F61 		.ascii	"float\000"
 1306      7400
 1307              	.LASF27:
 1308 0035 64617461 		.ascii	"data\000"
 1308      00
 1309              	.LASF10:
 1310 003a 6C6F6E67 		.ascii	"long long unsigned int\000"
 1310      206C6F6E 
 1310      6720756E 
 1310      7369676E 
 1310      65642069 
 1311              	.LASF1:
 1312 0051 756E7369 		.ascii	"unsigned char\000"
 1312      676E6564 
 1312      20636861 
 1312      7200
 1313              	.LASF21:
 1314 005f 72657472 		.ascii	"retry\000"
 1314      7900
 1315              	.LASF8:
 1316 0065 6C6F6E67 		.ascii	"long unsigned int\000"
 1316      20756E73 
 1316      69676E65 
ARM GAS  C:\Users\Tech\AppData\Local\Temp\ccVfb7bc.s 			page 29


 1316      6420696E 
 1316      7400
 1317              	.LASF22:
 1318 0077 44485432 		.ascii	"DHT22_Check\000"
 1318      325F4368 
 1318      65636B00 
 1319              	.LASF24:
 1320 0083 44485432 		.ascii	"DHT22_Read_Byte\000"
 1320      325F5265 
 1320      61645F42 
 1320      79746500 
 1321              	.LASF30:
 1322 0093 474E5520 		.ascii	"GNU C11 5.4.1 20160609 (release) [ARM/embedded-5-br"
 1322      43313120 
 1322      352E342E 
 1322      31203230 
 1322      31363036 
 1323 00c6 616E6368 		.ascii	"anch revision 237715] -mcpu=cortex-m0 -mthumb -g -O"
 1323      20726576 
 1323      6973696F 
 1323      6E203233 
 1323      37373135 
 1324 00f9 30202D66 		.ascii	"0 -ffunction-sections -ffat-lto-objects\000"
 1324      66756E63 
 1324      74696F6E 
 1324      2D736563 
 1324      74696F6E 
 1325              	.LASF5:
 1326 0121 5F5F7569 		.ascii	"__uint16_t\000"
 1326      6E743136 
 1326      5F7400
 1327              	.LASF16:
 1328 012c 646F7562 		.ascii	"double\000"
 1328      6C6500
 1329              	.LASF26:
 1330 0133 44485432 		.ascii	"DHT22_getTemperatureX100\000"
 1330      325F6765 
 1330      7454656D 
 1330      70657261 
 1330      74757265 
 1331              	.LASF33:
 1332 014c 44485432 		.ascii	"DHT22_Init\000"
 1332      325F496E 
 1332      697400
 1333              	.LASF11:
 1334 0157 756E7369 		.ascii	"unsigned int\000"
 1334      676E6564 
 1334      20696E74 
 1334      00
 1335              	.LASF17:
 1336 0164 63686172 		.ascii	"char\000"
 1336      00
 1337              	.LASF12:
 1338 0169 75696E74 		.ascii	"uint8_t\000"
 1338      385F7400 
 1339              	.LASF23:
 1340 0171 44485432 		.ascii	"DHT22_Read_Bit\000"
ARM GAS  C:\Users\Tech\AppData\Local\Temp\ccVfb7bc.s 			page 30


 1340      325F5265 
 1340      61645F42 
 1340      697400
 1341              	.LASF13:
 1342 0180 696E7431 		.ascii	"int16_t\000"
 1342      365F7400 
 1343              	.LASF29:
 1344 0188 44485432 		.ascii	"DHT22_getHumidityX10\000"
 1344      325F6765 
 1344      7448756D 
 1344      69646974 
 1344      79583130 
 1345              	.LASF19:
 1346 019d 73697A65 		.ascii	"sizetype\000"
 1346      74797065 
 1346      00
 1347              	.LASF9:
 1348 01a6 6C6F6E67 		.ascii	"long long int\000"
 1348      206C6F6E 
 1348      6720696E 
 1348      7400
 1349              	.LASF20:
 1350 01b4 49537461 		.ascii	"IState\000"
 1350      746500
 1351              	.LASF4:
 1352 01bb 73686F72 		.ascii	"short int\000"
 1352      7420696E 
 1352      7400
 1353              	.LASF14:
 1354 01c5 75696E74 		.ascii	"uint16_t\000"
 1354      31365F74 
 1354      00
 1355              	.LASF7:
 1356 01ce 6C6F6E67 		.ascii	"long int\000"
 1356      20696E74 
 1356      00
 1357              	.LASF18:
 1358 01d7 6C6F6E67 		.ascii	"long double\000"
 1358      20646F75 
 1358      626C6500 
 1359              	.LASF25:
 1360 01e3 44485432 		.ascii	"DHT22_Read_Data\000"
 1360      325F5265 
 1360      61645F44 
 1360      61746100 
 1361              	.LASF0:
 1362 01f3 7369676E 		.ascii	"signed char\000"
 1362      65642063 
 1362      68617200 
 1363              	.LASF32:
 1364 01ff 433A5C63 		.ascii	"C:\\code\\PSoC BLE\\dht22-psoc-ble\\DHT22_BLE\\WS_D"
 1364      6F64655C 
 1364      50536F43 
 1364      20424C45 
 1364      5C646874 
 1365 022d 48543232 		.ascii	"HT22_BLE\\DHT22_BLE.cydsn\000"
 1365      5F424C45 
ARM GAS  C:\Users\Tech\AppData\Local\Temp\ccVfb7bc.s 			page 31


 1365      5C444854 
 1365      32325F42 
 1365      4C452E63 
 1366              	.LASF28:
 1367 0246 44485432 		.ascii	"DHT22_Reset\000"
 1367      325F5265 
 1367      73657400 
 1368              		.ident	"GCC: (GNU Tools for ARM Embedded Processors) 5.4.1 20160609 (release) [ARM/embedded-5-bran
